<?xml version="1.0" encoding="UTF-8"?>
<Site BuildName="(empty)"
	BuildStamp="20240808-1401-Experimental"
	Name="tom-Vivobook-ASUSLaptop-M7400QE-M7400QE"
	Generator="ctest-3.22.1"
	CompilerName="/usr/bin/c++"
	CompilerVersion="11.4.0"
	OSName="Linux"
	Hostname="tom-Vivobook-ASUSLaptop-M7400QE-M7400QE"
	OSRelease="5.15.0-1065-realtime"
	OSVersion="#73-Ubuntu SMP PREEMPT_RT Thu Jun 13 20:58:39 UTC 2024"
	OSPlatform="x86_64"
	Is64Bits="1"
	VendorString="AuthenticAMD"
	VendorID="Advanced Micro Devices"
	FamilyID="25"
	ModelID="80"
	ProcessorCacheSize="512"
	NumberOfLogicalCPU="16"
	NumberOfPhysicalCPU="8"
	TotalVirtualMemory="2047"
	TotalPhysicalMemory="31487"
	LogicalProcessorsPerPhysical="2"
	ProcessorClockFrequency="3300"
	>
	<Testing>
		<StartDateTime>Aug 08 18:02 CEST</StartDateTime>
		<StartTestTime>1723132951</StartTestTime>
		<TestList/>
		<EndDateTime>Aug 08 18:02 CEST</EndDateTime>
		<EndTestTime>1723132951</EndTestTime>
		<ElapsedMinutes>0</ElapsedMinutes>
	</Testing>
</Site>
