<?xml version="1.0" encoding="UTF-8"?>
<Site BuildName="(empty)"
	BuildStamp="20240528-0952-Experimental"
	Name="tom-Vivobook-ASUSLaptop-M7400QE-M7400QE"
	Generator="ctest-3.22.1"
	CompilerName="/usr/bin/c++"
	CompilerVersion="11.4.0"
	OSName="Linux"
	Hostname="tom-Vivobook-ASUSLaptop-M7400QE-M7400QE"
	OSRelease="5.15.0-1063-realtime"
	OSVersion="#71-Ubuntu SMP PREEMPT_RT Wed May 1 13:32:59 UTC 2024"
	OSPlatform="x86_64"
	Is64Bits="1"
	VendorString="AuthenticAMD"
	VendorID="Advanced Micro Devices"
	FamilyID="25"
	ModelID="80"
	ProcessorCacheSize="512"
	NumberOfLogicalCPU="16"
	NumberOfPhysicalCPU="8"
	TotalVirtualMemory="2047"
	TotalPhysicalMemory="31487"
	LogicalProcessorsPerPhysical="2"
	ProcessorClockFrequency="3839.62"
	>
	<Testing>
		<StartDateTime>May 28 11:52 CEST</StartDateTime>
		<StartTestTime>1716889953</StartTestTime>
		<TestList/>
		<EndDateTime>May 28 11:52 CEST</EndDateTime>
		<EndTestTime>1716889953</EndTestTime>
		<ElapsedMinutes>0</ElapsedMinutes>
	</Testing>
</Site>
