<?xml version="1.0" encoding="UTF-8"?>
<Site BuildName="(empty)"
	BuildStamp="20240901-1555-Experimental"
	Name="tom-Vivobook-ASUSLaptop-M7400QE-M7400QE"
	Generator="ctest-3.22.1"
	CompilerName="/usr/bin/c++"
	CompilerVersion="11.4.0"
	OSName="Linux"
	Hostname="tom-Vivobook-ASUSLaptop-M7400QE-M7400QE"
	OSRelease="5.15.0-1065-realtime"
	OSVersion="#73-Ubuntu SMP PREEMPT_RT Thu Jun 13 20:58:39 UTC 2024"
	OSPlatform="x86_64"
	Is64Bits="1"
	VendorString="AuthenticAMD"
	VendorID="Advanced Micro Devices"
	FamilyID="25"
	ModelID="80"
	ProcessorCacheSize="512"
	NumberOfLogicalCPU="16"
	NumberOfPhysicalCPU="8"
	TotalVirtualMemory="2047"
	TotalPhysicalMemory="31487"
	LogicalProcessorsPerPhysical="2"
	ProcessorClockFrequency="3679.71"
	>
	<Testing>
		<StartDateTime>Sep 01 17:55 CEST</StartDateTime>
		<StartTestTime>1725206139</StartTestTime>
		<TestList/>
		<EndDateTime>Sep 01 17:55 CEST</EndDateTime>
		<EndTestTime>1725206139</EndTestTime>
		<ElapsedMinutes>0</ElapsedMinutes>
	</Testing>
</Site>
